


materialPath: D:\Programas\Juegos\Windows\SteamLibrary\steamapps\common\nmrih\nmrih\materials
Loading D:\Proyectos\nmrih_maps\practica\mapa_practica.vmf
Could not locate 'GameData' key in d:\programas\juegos\windows\steamlibrary\steamapps\common\nmrih\nmrih\gameinfo.txt
Patching WVT material: maps/mapa_practica/nmrih/nmrih_harvest/slimz/blend_groundgrass01_groundearth01_wvt_patch
fixing up env_cubemap materials on brush sides...
0...1...2...3...4...5...6...7...8...9...10**** leaked ****
Entity info_player_nmrih (0.00 192.00 -63.12) leaked!
Processing areas...done (0)
Building Faces...done (0)
FixTjuncs...
PruneNodes...
WriteBSP...
done (0)
Creating default LDR cubemaps for env_cubemap using skybox materials:
   skybox/sky_day01_01*.vmt
 ! Run buildcubemaps in the engine to get the correct cube maps.
Creating default HDR cubemaps for env_cubemap using skybox materials:
   skybox/sky_day01_01*.vmt
 ! Run buildcubemaps in the engine to get the correct cube maps.
Finding displacement neighbors...
Finding lightmap sample positions...
Displacement Alpha : 0...1...2...3...4...5...6...7...8...9...10
Building Physics collision data...
done (0) (969 bytes)
Placing detail props : 0...1...2...3...4...5...6...7...8...9...10
Compacting texture/material tables...
Reduced 9 texinfos to 6
Reduced 3 texdatas to 2 (197 bytes to 137)
Writing D:\Proyectos\nmrih_maps\practica\mapa_practica.bsp
MSG_FILEWRITE - Filesystem was asked to write to 'D:\Proyectos\nmrih_maps\practica\mapa_practica.bsp', but we don't own that location. Allowing.
Wrote ZIP buffer, estimated size 106711, actual size 106363
0 seconds elapsed



8 threads
reading d:\proyectos\nmrih_maps\practica\mapa_practica.bsp
reading d:\proyectos\nmrih_maps\practica\mapa_practica.prt
LoadPortals: couldn't read d:\proyectos\nmrih_maps\practica\mapa_practica.prt



[Reading texlights from 'lights.rad']
[52 texlights parsed from 'lights.rad']

Loading d:\proyectos\nmrih_maps\practica\mapa_practica.bsp
No vis information, direct lighting only.
32 faces
32768 square feet [4718592.00 square inches]
0 Displacements
0 Square Feet [0.00 Square Inches]
0 direct lights
0...1...2...3...4...5...6...7...8...9...10Build Patch/Sample Hash Table(s).....Done<0.0014 sec>
0...1...2...3...4...5...6...7...8...9...10FinalLightFace Done
0 of 0 (0% of) surface lights went in leaf ambient cubes.
0...1...2...3...4...5...6...7...8...9...10Writing leaf ambient...done
Ready to Finish

Object names       Objects/Maxobjs  Memory / Maxmem  Fullness 
------------       ---------------  ---------------  -------- 
models                   1/1024           48/49152    ( 0.1%) 
brushes                  2/8192           24/98304    ( 0.0%) 
brushsides              12/65536          96/524288   ( 0.0%) 
planes                  32/65536         640/1310720  ( 0.0%) 
vertexes                37/65536         444/786432   ( 0.1%) 
nodes                   39/65536        1248/2097152  ( 0.1%) 
texinfos                 6/12288         432/884736   ( 0.0%) 
texdata                  2/2048           64/65536    ( 0.1%) 
dispinfos                0/0               0/0        ( 0.0%) 
disp_verts               0/0               0/0        ( 0.0%) 
disp_tris                0/0               0/0        ( 0.0%) 
disp_lmsamples           0/0               0/0        ( 0.0%) 
faces                   32/65536        1792/3670016  ( 0.0%) 
hdr faces                0/65536           0/3670016  ( 0.0%) 
origfaces               12/65536         672/3670016  ( 0.0%) 
leaves                  41/65536        1312/2097152  ( 0.1%) 
leaffaces               32/65536          64/131072   ( 0.0%) 
leafbrushes              8/65536          16/131072   ( 0.0%) 
areas                    2/256            16/2048     ( 0.8%) 
surfedges              176/512000        704/2048000  ( 0.0%) 
edges                   89/256000        356/1024000  ( 0.0%) 
LDR worldlights          0/8192            0/720896   ( 0.0%) 
HDR worldlights          0/8192            0/720896   ( 0.0%) 
leafwaterdata            0/32768           0/393216   ( 0.0%) 
waterstrips              0/32768           0/327680   ( 0.0%) 
waterverts               0/65536           0/786432   ( 0.0%) 
waterindices             0/65536           0/131072   ( 0.0%) 
cubemapsamples           0/1024            0/16384    ( 0.0%) 
overlays                 0/512             0/180224   ( 0.0%) 
LDR lightdata         [variable]       80384/0        ( 0.0%) 
HDR lightdata         [variable]           0/0        ( 0.0%) 
visdata               [variable]           0/16777216 ( 0.0%) 
entdata               [variable]         352/393216   ( 0.1%) 
LDR ambient table       41/65536         164/262144   ( 0.1%) 
HDR ambient table       41/65536         164/262144   ( 0.1%) 
LDR leaf ambient        32/65536         896/1835008  ( 0.0%) 
HDR leaf ambient        41/65536        1148/1835008  ( 0.1%) 
occluders                0/0               0/0        ( 0.0%) 
occluder polygons        0/0               0/0        ( 0.0%) 
occluder vert ind        0/0               0/0        ( 0.0%) 
detail props          [variable]           1/12       ( 8.3%) 
static props          [variable]           1/12       ( 8.3%) 
pakfile               [variable]      106363/0        ( 0.0%) 
physics               [variable]         969/4194304  ( 0.0%) 
physics terrain       [variable]           2/1048576  ( 0.0%) 

Level flags = 0

Total triangle count: 64
Writing d:\proyectos\nmrih_maps\practica\mapa_practica.bsp
0 seconds elapsed



materialPath: D:\Programas\Juegos\Windows\SteamLibrary\steamapps\common\nmrih\nmrih\materials
Loading D:\Proyectos\nmrih_maps\practica\mapa_practica.vmf
Could not locate 'GameData' key in d:\programas\juegos\windows\steamlibrary\steamapps\common\nmrih\nmrih\gameinfo.txt
Patching WVT material: maps/mapa_practica/nmrih/nmrih_harvest/slimz/blend_groundgrass01_groundearth01_wvt_patch
fixing up env_cubemap materials on brush sides...
0...1...2...3...4...5...6...7...8...9...10**** leaked ****
Entity info_player_nmrih (0.00 192.00 -63.12) leaked!
Processing areas...done (0)
Building Faces...done (0)
FixTjuncs...
PruneNodes...
WriteBSP...
done (0)
Creating default LDR cubemaps for env_cubemap using skybox materials:
   skybox/sky_day01_01*.vmt
 ! Run buildcubemaps in the engine to get the correct cube maps.
Creating default HDR cubemaps for env_cubemap using skybox materials:
   skybox/sky_day01_01*.vmt
 ! Run buildcubemaps in the engine to get the correct cube maps.
Finding displacement neighbors...
Finding lightmap sample positions...
Displacement Alpha : 0...1...2...3...4...5...6...7...8...9...10
Building Physics collision data...
done (0) (969 bytes)
Placing detail props : 0...1...2...3...4...5...6...7...8...9...10
Compacting texture/material tables...
Reduced 9 texinfos to 6
Reduced 3 texdatas to 2 (197 bytes to 137)
Writing D:\Proyectos\nmrih_maps\practica\mapa_practica.bsp
MSG_FILEWRITE - Filesystem was asked to write to 'D:\Proyectos\nmrih_maps\practica\mapa_practica.bsp', but we don't own that location. Allowing.
Wrote ZIP buffer, estimated size 106711, actual size 106363
0 seconds elapsed



8 threads
reading d:\proyectos\nmrih_maps\practica\mapa_practica.bsp
reading d:\proyectos\nmrih_maps\practica\mapa_practica.prt
LoadPortals: couldn't read d:\proyectos\nmrih_maps\practica\mapa_practica.prt



[Reading texlights from 'lights.rad']
[52 texlights parsed from 'lights.rad']

Loading d:\proyectos\nmrih_maps\practica\mapa_practica.bsp
No vis information, direct lighting only.
32 faces
32768 square feet [4718592.00 square inches]
0 Displacements
0 Square Feet [0.00 Square Inches]
0 direct lights
0...1...2...3...4...5...6...7...8...9...10Build Patch/Sample Hash Table(s).....Done<0.0007 sec>
0...1...2...3...4...5...6...7...8...9...10FinalLightFace Done
0 of 0 (0% of) surface lights went in leaf ambient cubes.
0...1...2...3...4...5...6...7...8...9...10Writing leaf ambient...done
Ready to Finish

Object names       Objects/Maxobjs  Memory / Maxmem  Fullness 
------------       ---------------  ---------------  -------- 
models                   1/1024           48/49152    ( 0.1%) 
brushes                  2/8192           24/98304    ( 0.0%) 
brushsides              12/65536          96/524288   ( 0.0%) 
planes                  32/65536         640/1310720  ( 0.0%) 
vertexes                37/65536         444/786432   ( 0.1%) 
nodes                   39/65536        1248/2097152  ( 0.1%) 
texinfos                 6/12288         432/884736   ( 0.0%) 
texdata                  2/2048           64/65536    ( 0.1%) 
dispinfos                0/0               0/0        ( 0.0%) 
disp_verts               0/0               0/0        ( 0.0%) 
disp_tris                0/0               0/0        ( 0.0%) 
disp_lmsamples           0/0               0/0        ( 0.0%) 
faces                   32/65536        1792/3670016  ( 0.0%) 
hdr faces                0/65536           0/3670016  ( 0.0%) 
origfaces               12/65536         672/3670016  ( 0.0%) 
leaves                  41/65536        1312/2097152  ( 0.1%) 
leaffaces               32/65536          64/131072   ( 0.0%) 
leafbrushes              8/65536          16/131072   ( 0.0%) 
areas                    2/256            16/2048     ( 0.8%) 
surfedges              176/512000        704/2048000  ( 0.0%) 
edges                   89/256000        356/1024000  ( 0.0%) 
LDR worldlights          0/8192            0/720896   ( 0.0%) 
HDR worldlights          0/8192            0/720896   ( 0.0%) 
leafwaterdata            0/32768           0/393216   ( 0.0%) 
waterstrips              0/32768           0/327680   ( 0.0%) 
waterverts               0/65536           0/786432   ( 0.0%) 
waterindices             0/65536           0/131072   ( 0.0%) 
cubemapsamples           0/1024            0/16384    ( 0.0%) 
overlays                 0/512             0/180224   ( 0.0%) 
LDR lightdata         [variable]       80384/0        ( 0.0%) 
HDR lightdata         [variable]           0/0        ( 0.0%) 
visdata               [variable]           0/16777216 ( 0.0%) 
entdata               [variable]         352/393216   ( 0.1%) 
LDR ambient table       41/65536         164/262144   ( 0.1%) 
HDR ambient table       41/65536         164/262144   ( 0.1%) 
LDR leaf ambient        32/65536         896/1835008  ( 0.0%) 
HDR leaf ambient        41/65536        1148/1835008  ( 0.1%) 
occluders                0/0               0/0        ( 0.0%) 
occluder polygons        0/0               0/0        ( 0.0%) 
occluder vert ind        0/0               0/0        ( 0.0%) 
detail props          [variable]           1/12       ( 8.3%) 
static props          [variable]           1/12       ( 8.3%) 
pakfile               [variable]      106363/0        ( 0.0%) 
physics               [variable]         969/4194304  ( 0.0%) 
physics terrain       [variable]           2/1048576  ( 0.0%) 

Level flags = 0

Total triangle count: 64
Writing d:\proyectos\nmrih_maps\practica\mapa_practica.bsp
0 seconds elapsed



materialPath: D:\Programas\Juegos\Windows\SteamLibrary\steamapps\common\nmrih\nmrih\materials
Loading D:\Proyectos\nmrih_maps\practica\mapa_practica.vmf
Could not locate 'GameData' key in d:\programas\juegos\windows\steamlibrary\steamapps\common\nmrih\nmrih\gameinfo.txt
Patching WVT material: maps/mapa_practica/nmrih/nmrih_harvest/slimz/blend_groundgrass01_groundearth01_wvt_patch
fixing up env_cubemap materials on brush sides...
0...1...2...3...4...5...6...7...8...9...10**** leaked ****
Entity info_player_nmrih (0.00 192.00 -63.12) leaked!
Processing areas...done (0)
Building Faces...done (0)
FixTjuncs...
PruneNodes...
WriteBSP...
done (0)
Creating default LDR cubemaps for env_cubemap using skybox materials:
   skybox/sky_day01_01*.vmt
 ! Run buildcubemaps in the engine to get the correct cube maps.
Creating default HDR cubemaps for env_cubemap using skybox materials:
   skybox/sky_day01_01*.vmt
 ! Run buildcubemaps in the engine to get the correct cube maps.
Finding displacement neighbors...
Finding lightmap sample positions...
Displacement Alpha : 0...1...2...3...4...5...6...7...8...9...10
Building Physics collision data...
done (0) (969 bytes)
Placing detail props : 0...1...2...3...4...5...6...7...8...9...10
Compacting texture/material tables...
Reduced 9 texinfos to 6
Reduced 3 texdatas to 2 (197 bytes to 137)
Writing D:\Proyectos\nmrih_maps\practica\mapa_practica.bsp
MSG_FILEWRITE - Filesystem was asked to write to 'D:\Proyectos\nmrih_maps\practica\mapa_practica.bsp', but we don't own that location. Allowing.
Wrote ZIP buffer, estimated size 106711, actual size 106363
0 seconds elapsed



8 threads
reading d:\proyectos\nmrih_maps\practica\mapa_practica.bsp
reading d:\proyectos\nmrih_maps\practica\mapa_practica.prt
LoadPortals: couldn't read d:\proyectos\nmrih_maps\practica\mapa_practica.prt



[Reading texlights from 'lights.rad']
[52 texlights parsed from 'lights.rad']

Loading d:\proyectos\nmrih_maps\practica\mapa_practica.bsp
No vis information, direct lighting only.
32 faces
32768 square feet [4718592.00 square inches]
0 Displacements
0 Square Feet [0.00 Square Inches]
0 direct lights
0...1...2...3...4...5...6...7...8...9...10Build Patch/Sample Hash Table(s).....Done<0.0007 sec>
0...1...2...3...4...5...6...7...8...9...10FinalLightFace Done
0 of 0 (0% of) surface lights went in leaf ambient cubes.
0...1...2...3...4...5...6...7...8...9...10Writing leaf ambient...done
Ready to Finish

Object names       Objects/Maxobjs  Memory / Maxmem  Fullness 
------------       ---------------  ---------------  -------- 
models                   1/1024           48/49152    ( 0.1%) 
brushes                  2/8192           24/98304    ( 0.0%) 
brushsides              12/65536          96/524288   ( 0.0%) 
planes                  32/65536         640/1310720  ( 0.0%) 
vertexes                37/65536         444/786432   ( 0.1%) 
nodes                   39/65536        1248/2097152  ( 0.1%) 
texinfos                 6/12288         432/884736   ( 0.0%) 
texdata                  2/2048           64/65536    ( 0.1%) 
dispinfos                0/0               0/0        ( 0.0%) 
disp_verts               0/0               0/0        ( 0.0%) 
disp_tris                0/0               0/0        ( 0.0%) 
disp_lmsamples           0/0               0/0        ( 0.0%) 
faces                   32/65536        1792/3670016  ( 0.0%) 
hdr faces                0/65536           0/3670016  ( 0.0%) 
origfaces               12/65536         672/3670016  ( 0.0%) 
leaves                  41/65536        1312/2097152  ( 0.1%) 
leaffaces               32/65536          64/131072   ( 0.0%) 
leafbrushes              8/65536          16/131072   ( 0.0%) 
areas                    2/256            16/2048     ( 0.8%) 
surfedges              176/512000        704/2048000  ( 0.0%) 
edges                   89/256000        356/1024000  ( 0.0%) 
LDR worldlights          0/8192            0/720896   ( 0.0%) 
HDR worldlights          0/8192            0/720896   ( 0.0%) 
leafwaterdata            0/32768           0/393216   ( 0.0%) 
waterstrips              0/32768           0/327680   ( 0.0%) 
waterverts               0/65536           0/786432   ( 0.0%) 
waterindices             0/65536           0/131072   ( 0.0%) 
cubemapsamples           0/1024            0/16384    ( 0.0%) 
overlays                 0/512             0/180224   ( 0.0%) 
LDR lightdata         [variable]       80384/0        ( 0.0%) 
HDR lightdata         [variable]           0/0        ( 0.0%) 
visdata               [variable]           0/16777216 ( 0.0%) 
entdata               [variable]         352/393216   ( 0.1%) 
LDR ambient table       41/65536         164/262144   ( 0.1%) 
HDR ambient table       41/65536         164/262144   ( 0.1%) 
LDR leaf ambient        32/65536         896/1835008  ( 0.0%) 
HDR leaf ambient        41/65536        1148/1835008  ( 0.1%) 
occluders                0/0               0/0        ( 0.0%) 
occluder polygons        0/0               0/0        ( 0.0%) 
occluder vert ind        0/0               0/0        ( 0.0%) 
detail props          [variable]           1/12       ( 8.3%) 
static props          [variable]           1/12       ( 8.3%) 
pakfile               [variable]      106363/0        ( 0.0%) 
physics               [variable]         969/4194304  ( 0.0%) 
physics terrain       [variable]           2/1048576  ( 0.0%) 

Level flags = 0

Total triangle count: 64
Writing d:\proyectos\nmrih_maps\practica\mapa_practica.bsp
0 seconds elapsed



materialPath: D:\Programas\Juegos\Windows\SteamLibrary\steamapps\common\nmrih\nmrih\materials
Loading D:\Proyectos\nmrih_maps\practica\mapa_practica.vmf
Could not locate 'GameData' key in d:\programas\juegos\windows\steamlibrary\steamapps\common\nmrih\nmrih\gameinfo.txt
Patching WVT material: maps/mapa_practica/nmrih/nmrih_harvest/slimz/blend_groundgrass01_groundearth01_wvt_patch
fixing up env_cubemap materials on brush sides...
0...1...2...3...4...5...6...7...8...9...10**** leaked ****
Entity me_machete (-0.23 255.62 -64.03) leaked!
Processing areas...done (0)
Building Faces...done (0)
FixTjuncs...
PruneNodes...
WriteBSP...
done (0)
Creating default LDR cubemaps for env_cubemap using skybox materials:
   skybox/sky_day01_01*.vmt
 ! Run buildcubemaps in the engine to get the correct cube maps.
Creating default HDR cubemaps for env_cubemap using skybox materials:
   skybox/sky_day01_01*.vmt
 ! Run buildcubemaps in the engine to get the correct cube maps.
Finding displacement neighbors...
Finding lightmap sample positions...
Displacement Alpha : 0...1...2...3...4...5...6...7...8...9...10
Building Physics collision data...
done (0) (969 bytes)
Placing detail props : 0...1...2...3...4...5...6...7...8...9...10
Compacting texture/material tables...
Reduced 9 texinfos to 6
Reduced 3 texdatas to 2 (197 bytes to 137)
Writing D:\Proyectos\nmrih_maps\practica\mapa_practica.bsp
MSG_FILEWRITE - Filesystem was asked to write to 'D:\Proyectos\nmrih_maps\practica\mapa_practica.bsp', but we don't own that location. Allowing.
Wrote ZIP buffer, estimated size 106711, actual size 106363
0 seconds elapsed



8 threads
reading d:\proyectos\nmrih_maps\practica\mapa_practica.bsp
reading d:\proyectos\nmrih_maps\practica\mapa_practica.prt
LoadPortals: couldn't read d:\proyectos\nmrih_maps\practica\mapa_practica.prt



[Reading texlights from 'lights.rad']
[52 texlights parsed from 'lights.rad']

Loading d:\proyectos\nmrih_maps\practica\mapa_practica.bsp
No vis information, direct lighting only.
32 faces
32768 square feet [4718592.00 square inches]
0 Displacements
0 Square Feet [0.00 Square Inches]
0 direct lights
0...1...2...3...4...5...6...7...8...9...10Build Patch/Sample Hash Table(s).....Done<0.0015 sec>
0...1...2...3...4...5...6...7...8...9...10FinalLightFace Done
0 of 0 (0% of) surface lights went in leaf ambient cubes.
0...1...2...3...4...5...6...7...8...9...10Writing leaf ambient...done
Ready to Finish

Object names       Objects/Maxobjs  Memory / Maxmem  Fullness 
------------       ---------------  ---------------  -------- 
models                   1/1024           48/49152    ( 0.1%) 
brushes                  2/8192           24/98304    ( 0.0%) 
brushsides              12/65536          96/524288   ( 0.0%) 
planes                  32/65536         640/1310720  ( 0.0%) 
vertexes                37/65536         444/786432   ( 0.1%) 
nodes                   39/65536        1248/2097152  ( 0.1%) 
texinfos                 6/12288         432/884736   ( 0.0%) 
texdata                  2/2048           64/65536    ( 0.1%) 
dispinfos                0/0               0/0        ( 0.0%) 
disp_verts               0/0               0/0        ( 0.0%) 
disp_tris                0/0               0/0        ( 0.0%) 
disp_lmsamples           0/0               0/0        ( 0.0%) 
faces                   32/65536        1792/3670016  ( 0.0%) 
hdr faces                0/65536           0/3670016  ( 0.0%) 
origfaces               12/65536         672/3670016  ( 0.0%) 
leaves                  41/65536        1312/2097152  ( 0.1%) 
leaffaces               32/65536          64/131072   ( 0.0%) 
leafbrushes              8/65536          16/131072   ( 0.0%) 
areas                    2/256            16/2048     ( 0.8%) 
surfedges              176/512000        704/2048000  ( 0.0%) 
edges                   89/256000        356/1024000  ( 0.0%) 
LDR worldlights          0/8192            0/720896   ( 0.0%) 
HDR worldlights          0/8192            0/720896   ( 0.0%) 
leafwaterdata            0/32768           0/393216   ( 0.0%) 
waterstrips              0/32768           0/327680   ( 0.0%) 
waterverts               0/65536           0/786432   ( 0.0%) 
waterindices             0/65536           0/131072   ( 0.0%) 
cubemapsamples           0/1024            0/16384    ( 0.0%) 
overlays                 0/512             0/180224   ( 0.0%) 
LDR lightdata         [variable]       80384/0        ( 0.0%) 
HDR lightdata         [variable]           0/0        ( 0.0%) 
visdata               [variable]           0/16777216 ( 0.0%) 
entdata               [variable]         464/393216   ( 0.1%) 
LDR ambient table       41/65536         164/262144   ( 0.1%) 
HDR ambient table       41/65536         164/262144   ( 0.1%) 
LDR leaf ambient        32/65536         896/1835008  ( 0.0%) 
HDR leaf ambient        41/65536        1148/1835008  ( 0.1%) 
occluders                0/0               0/0        ( 0.0%) 
occluder polygons        0/0               0/0        ( 0.0%) 
occluder vert ind        0/0               0/0        ( 0.0%) 
detail props          [variable]           1/12       ( 8.3%) 
static props          [variable]           1/12       ( 8.3%) 
pakfile               [variable]      106363/0        ( 0.0%) 
physics               [variable]         969/4194304  ( 0.0%) 
physics terrain       [variable]           2/1048576  ( 0.0%) 

Level flags = 0

Total triangle count: 64
Writing d:\proyectos\nmrih_maps\practica\mapa_practica.bsp
0 seconds elapsed



materialPath: D:\Programas\Juegos\Windows\SteamLibrary\steamapps\common\nmrih\nmrih\materials
Loading D:\Proyectos\nmrih_maps\practica\mapa_practica.vmf
Could not locate 'GameData' key in d:\programas\juegos\windows\steamlibrary\steamapps\common\nmrih\nmrih\gameinfo.txt
Patching WVT material: maps/mapa_practica/nmrih/nmrih_harvest/slimz/blend_groundgrass01_groundearth01_wvt_patch
fixing up env_cubemap materials on brush sides...
0...1...2...3...4...5...6...7...8...9...10**** leaked ****
Entity me_machete (-0.23 255.62 -64.03) leaked!
Processing areas...done (0)
Building Faces...done (0)
FixTjuncs...
PruneNodes...
WriteBSP...
done (0)
Creating default LDR cubemaps for env_cubemap using skybox materials:
   skybox/sky_day01_01*.vmt
 ! Run buildcubemaps in the engine to get the correct cube maps.
Creating default HDR cubemaps for env_cubemap using skybox materials:
   skybox/sky_day01_01*.vmt
 ! Run buildcubemaps in the engine to get the correct cube maps.
Finding displacement neighbors...
Finding lightmap sample positions...
Displacement Alpha : 0...1...2...3...4...5...6...7...8...9...10
Building Physics collision data...
done (0) (969 bytes)
Placing detail props : 0...1...2...3...4...5...6...7...8...9...10
Compacting texture/material tables...
Reduced 9 texinfos to 6
Reduced 3 texdatas to 2 (197 bytes to 137)
Writing D:\Proyectos\nmrih_maps\practica\mapa_practica.bsp
MSG_FILEWRITE - Filesystem was asked to write to 'D:\Proyectos\nmrih_maps\practica\mapa_practica.bsp', but we don't own that location. Allowing.
Wrote ZIP buffer, estimated size 106711, actual size 106363
0 seconds elapsed



8 threads
reading d:\proyectos\nmrih_maps\practica\mapa_practica.bsp
reading d:\proyectos\nmrih_maps\practica\mapa_practica.prt
LoadPortals: couldn't read d:\proyectos\nmrih_maps\practica\mapa_practica.prt



[Reading texlights from 'lights.rad']
[52 texlights parsed from 'lights.rad']

Loading d:\proyectos\nmrih_maps\practica\mapa_practica.bsp
No vis information, direct lighting only.
32 faces
32768 square feet [4718592.00 square inches]
0 Displacements
0 Square Feet [0.00 Square Inches]
0 direct lights
0...1...2...3...4...5...6...7...8...9...10Build Patch/Sample Hash Table(s).....Done<0.0008 sec>
0...1...2...3...4...5...6...7...8...9...10FinalLightFace Done
0 of 0 (0% of) surface lights went in leaf ambient cubes.
0...1...2...3...4...5...6...7...8...9...10Writing leaf ambient...done
Ready to Finish

Object names       Objects/Maxobjs  Memory / Maxmem  Fullness 
------------       ---------------  ---------------  -------- 
models                   1/1024           48/49152    ( 0.1%) 
brushes                  2/8192           24/98304    ( 0.0%) 
brushsides              12/65536          96/524288   ( 0.0%) 
planes                  32/65536         640/1310720  ( 0.0%) 
vertexes                37/65536         444/786432   ( 0.1%) 
nodes                   39/65536        1248/2097152  ( 0.1%) 
texinfos                 6/12288         432/884736   ( 0.0%) 
texdata                  2/2048           64/65536    ( 0.1%) 
dispinfos                0/0               0/0        ( 0.0%) 
disp_verts               0/0               0/0        ( 0.0%) 
disp_tris                0/0               0/0        ( 0.0%) 
disp_lmsamples           0/0               0/0        ( 0.0%) 
faces                   32/65536        1792/3670016  ( 0.0%) 
hdr faces                0/65536           0/3670016  ( 0.0%) 
origfaces               12/65536         672/3670016  ( 0.0%) 
leaves                  41/65536        1312/2097152  ( 0.1%) 
leaffaces               32/65536          64/131072   ( 0.0%) 
leafbrushes              8/65536          16/131072   ( 0.0%) 
areas                    2/256            16/2048     ( 0.8%) 
surfedges              176/512000        704/2048000  ( 0.0%) 
edges                   89/256000        356/1024000  ( 0.0%) 
LDR worldlights          0/8192            0/720896   ( 0.0%) 
HDR worldlights          0/8192            0/720896   ( 0.0%) 
leafwaterdata            0/32768           0/393216   ( 0.0%) 
waterstrips              0/32768           0/327680   ( 0.0%) 
waterverts               0/65536           0/786432   ( 0.0%) 
waterindices             0/65536           0/131072   ( 0.0%) 
cubemapsamples           0/1024            0/16384    ( 0.0%) 
overlays                 0/512             0/180224   ( 0.0%) 
LDR lightdata         [variable]       80384/0        ( 0.0%) 
HDR lightdata         [variable]           0/0        ( 0.0%) 
visdata               [variable]           0/16777216 ( 0.0%) 
entdata               [variable]         464/393216   ( 0.1%) 
LDR ambient table       41/65536         164/262144   ( 0.1%) 
HDR ambient table       41/65536         164/262144   ( 0.1%) 
LDR leaf ambient        32/65536         896/1835008  ( 0.0%) 
HDR leaf ambient        41/65536        1148/1835008  ( 0.1%) 
occluders                0/0               0/0        ( 0.0%) 
occluder polygons        0/0               0/0        ( 0.0%) 
occluder vert ind        0/0               0/0        ( 0.0%) 
detail props          [variable]           1/12       ( 8.3%) 
static props          [variable]           1/12       ( 8.3%) 
pakfile               [variable]      106363/0        ( 0.0%) 
physics               [variable]         969/4194304  ( 0.0%) 
physics terrain       [variable]           2/1048576  ( 0.0%) 

Level flags = 0

Total triangle count: 64
Writing d:\proyectos\nmrih_maps\practica\mapa_practica.bsp
0 seconds elapsed



materialPath: D:\Programas\Juegos\Windows\SteamLibrary\steamapps\common\nmrih\nmrih\materials
Loading D:\Proyectos\nmrih_maps\practica\mapa_practica.vmf
Could not locate 'GameData' key in d:\programas\juegos\windows\steamlibrary\steamapps\common\nmrih\nmrih\gameinfo.txt
Patching WVT material: maps/mapa_practica/nmrih/nmrih_harvest/slimz/blend_groundgrass01_groundearth01_wvt_patch
fixing up env_cubemap materials on brush sides...
0...1...2...3...4...5...6...7...8...9...10**** leaked ****
Entity me_machete (-0.23 255.62 -64.03) leaked!
Processing areas...done (0)
Building Faces...done (0)
FixTjuncs...
PruneNodes...
WriteBSP...
done (0)
Creating default LDR cubemaps for env_cubemap using skybox materials:
   skybox/sky_day01_01*.vmt
 ! Run buildcubemaps in the engine to get the correct cube maps.
Creating default HDR cubemaps for env_cubemap using skybox materials:
   skybox/sky_day01_01*.vmt
 ! Run buildcubemaps in the engine to get the correct cube maps.
Finding displacement neighbors...
Finding lightmap sample positions...
Displacement Alpha : 0...1...2...3...4...5...6...7...8...9...10
Building Physics collision data...
done (0) (969 bytes)
Placing detail props : 0...1...2...3...4...5...6...7...8...9...10
Compacting texture/material tables...
Reduced 9 texinfos to 6
Reduced 3 texdatas to 2 (197 bytes to 137)
Writing D:\Proyectos\nmrih_maps\practica\mapa_practica.bsp
MSG_FILEWRITE - Filesystem was asked to write to 'D:\Proyectos\nmrih_maps\practica\mapa_practica.bsp', but we don't own that location. Allowing.
Wrote ZIP buffer, estimated size 106711, actual size 106363
0 seconds elapsed



8 threads
reading d:\proyectos\nmrih_maps\practica\mapa_practica.bsp
reading d:\proyectos\nmrih_maps\practica\mapa_practica.prt
LoadPortals: couldn't read d:\proyectos\nmrih_maps\practica\mapa_practica.prt



[Reading texlights from 'lights.rad']
[52 texlights parsed from 'lights.rad']

Loading d:\proyectos\nmrih_maps\practica\mapa_practica.bsp
No vis information, direct lighting only.
32 faces
32768 square feet [4718592.00 square inches]
0 Displacements
0 Square Feet [0.00 Square Inches]
0 direct lights
0...1...2...3...4...5...6...7...8...9...10Build Patch/Sample Hash Table(s).....Done<0.0007 sec>
0...1...2...3...4...5...6...7...8...9...10FinalLightFace Done
0 of 0 (0% of) surface lights went in leaf ambient cubes.
0...1...2...3...4...5...6...7...8...9...10Writing leaf ambient...done
Ready to Finish

Object names       Objects/Maxobjs  Memory / Maxmem  Fullness 
------------       ---------------  ---------------  -------- 
models                   1/1024           48/49152    ( 0.1%) 
brushes                  2/8192           24/98304    ( 0.0%) 
brushsides              12/65536          96/524288   ( 0.0%) 
planes                  32/65536         640/1310720  ( 0.0%) 
vertexes                37/65536         444/786432   ( 0.1%) 
nodes                   39/65536        1248/2097152  ( 0.1%) 
texinfos                 6/12288         432/884736   ( 0.0%) 
texdata                  2/2048           64/65536    ( 0.1%) 
dispinfos                0/0               0/0        ( 0.0%) 
disp_verts               0/0               0/0        ( 0.0%) 
disp_tris                0/0               0/0        ( 0.0%) 
disp_lmsamples           0/0               0/0        ( 0.0%) 
faces                   32/65536        1792/3670016  ( 0.0%) 
hdr faces                0/65536           0/3670016  ( 0.0%) 
origfaces               12/65536         672/3670016  ( 0.0%) 
leaves                  41/65536        1312/2097152  ( 0.1%) 
leaffaces               32/65536          64/131072   ( 0.0%) 
leafbrushes              8/65536          16/131072   ( 0.0%) 
areas                    2/256            16/2048     ( 0.8%) 
surfedges              176/512000        704/2048000  ( 0.0%) 
edges                   89/256000        356/1024000  ( 0.0%) 
LDR worldlights          0/8192            0/720896   ( 0.0%) 
HDR worldlights          0/8192            0/720896   ( 0.0%) 
leafwaterdata            0/32768           0/393216   ( 0.0%) 
waterstrips              0/32768           0/327680   ( 0.0%) 
waterverts               0/65536           0/786432   ( 0.0%) 
waterindices             0/65536           0/131072   ( 0.0%) 
cubemapsamples           0/1024            0/16384    ( 0.0%) 
overlays                 0/512             0/180224   ( 0.0%) 
LDR lightdata         [variable]       80384/0        ( 0.0%) 
HDR lightdata         [variable]           0/0        ( 0.0%) 
visdata               [variable]           0/16777216 ( 0.0%) 
entdata               [variable]         464/393216   ( 0.1%) 
LDR ambient table       41/65536         164/262144   ( 0.1%) 
HDR ambient table       41/65536         164/262144   ( 0.1%) 
LDR leaf ambient        32/65536         896/1835008  ( 0.0%) 
HDR leaf ambient        41/65536        1148/1835008  ( 0.1%) 
occluders                0/0               0/0        ( 0.0%) 
occluder polygons        0/0               0/0        ( 0.0%) 
occluder vert ind        0/0               0/0        ( 0.0%) 
detail props          [variable]           1/12       ( 8.3%) 
static props          [variable]           1/12       ( 8.3%) 
pakfile               [variable]      106363/0        ( 0.0%) 
physics               [variable]         969/4194304  ( 0.0%) 
physics terrain       [variable]           2/1048576  ( 0.0%) 

Level flags = 0

Total triangle count: 64
Writing d:\proyectos\nmrih_maps\practica\mapa_practica.bsp
0 seconds elapsed



materialPath: D:\Programas\Juegos\Windows\SteamLibrary\steamapps\common\nmrih\nmrih\materials
Loading D:\Proyectos\nmrih_maps\practica\mapa_practica.vmf
Could not locate 'GameData' key in d:\programas\juegos\windows\steamlibrary\steamapps\common\nmrih\nmrih\gameinfo.txt
Patching WVT material: maps/mapa_practica/nmrih/nmrih_harvest/slimz/blend_groundgrass01_groundearth01_wvt_patch
fixing up env_cubemap materials on brush sides...
0...1...2...3...4...5...6...7...8...9...10**** leaked ****
Entity me_machete (-0.23 255.62 -64.03) leaked!
Processing areas...done (0)
Building Faces...done (0)
FixTjuncs...
PruneNodes...
WriteBSP...
done (0)
Creating default LDR cubemaps for env_cubemap using skybox materials:
   skybox/sky_day01_01*.vmt
 ! Run buildcubemaps in the engine to get the correct cube maps.
Creating default HDR cubemaps for env_cubemap using skybox materials:
   skybox/sky_day01_01*.vmt
 ! Run buildcubemaps in the engine to get the correct cube maps.
Finding displacement neighbors...
Finding lightmap sample positions...
Displacement Alpha : 0...1...2...3...4...5...6...7...8...9...10
Building Physics collision data...
done (0) (969 bytes)
Placing detail props : 0...1...2...3...4...5...6...7...8...9...10
Compacting texture/material tables...
Reduced 9 texinfos to 6
Reduced 3 texdatas to 2 (197 bytes to 137)
Writing D:\Proyectos\nmrih_maps\practica\mapa_practica.bsp
MSG_FILEWRITE - Filesystem was asked to write to 'D:\Proyectos\nmrih_maps\practica\mapa_practica.bsp', but we don't own that location. Allowing.
Wrote ZIP buffer, estimated size 106711, actual size 106363
0 seconds elapsed



8 threads
reading d:\proyectos\nmrih_maps\practica\mapa_practica.bsp
reading d:\proyectos\nmrih_maps\practica\mapa_practica.prt
LoadPortals: couldn't read d:\proyectos\nmrih_maps\practica\mapa_practica.prt



[Reading texlights from 'lights.rad']
[52 texlights parsed from 'lights.rad']

Loading d:\proyectos\nmrih_maps\practica\mapa_practica.bsp
No vis information, direct lighting only.
32 faces
32768 square feet [4718592.00 square inches]
0 Displacements
0 Square Feet [0.00 Square Inches]
0 direct lights
0...1...2...3...4...5...6...7...8...9...10Build Patch/Sample Hash Table(s).....Done<0.0014 sec>
0...1...2...3...4...5...6...7...8...9...10FinalLightFace Done
0 of 0 (0% of) surface lights went in leaf ambient cubes.
0...1...2...3...4...5...6...7...8...9...10Writing leaf ambient...done
Ready to Finish

Object names       Objects/Maxobjs  Memory / Maxmem  Fullness 
------------       ---------------  ---------------  -------- 
models                   1/1024           48/49152    ( 0.1%) 
brushes                  2/8192           24/98304    ( 0.0%) 
brushsides              12/65536          96/524288   ( 0.0%) 
planes                  32/65536         640/1310720  ( 0.0%) 
vertexes                37/65536         444/786432   ( 0.1%) 
nodes                   39/65536        1248/2097152  ( 0.1%) 
texinfos                 6/12288         432/884736   ( 0.0%) 
texdata                  2/2048           64/65536    ( 0.1%) 
dispinfos                0/0               0/0        ( 0.0%) 
disp_verts               0/0               0/0        ( 0.0%) 
disp_tris                0/0               0/0        ( 0.0%) 
disp_lmsamples           0/0               0/0        ( 0.0%) 
faces                   32/65536        1792/3670016  ( 0.0%) 
hdr faces                0/65536           0/3670016  ( 0.0%) 
origfaces               12/65536         672/3670016  ( 0.0%) 
leaves                  41/65536        1312/2097152  ( 0.1%) 
leaffaces               32/65536          64/131072   ( 0.0%) 
leafbrushes              8/65536          16/131072   ( 0.0%) 
areas                    2/256            16/2048     ( 0.8%) 
surfedges              176/512000        704/2048000  ( 0.0%) 
edges                   89/256000        356/1024000  ( 0.0%) 
LDR worldlights          0/8192            0/720896   ( 0.0%) 
HDR worldlights          0/8192            0/720896   ( 0.0%) 
leafwaterdata            0/32768           0/393216   ( 0.0%) 
waterstrips              0/32768           0/327680   ( 0.0%) 
waterverts               0/65536           0/786432   ( 0.0%) 
waterindices             0/65536           0/131072   ( 0.0%) 
cubemapsamples           0/1024            0/16384    ( 0.0%) 
overlays                 0/512             0/180224   ( 0.0%) 
LDR lightdata         [variable]       80384/0        ( 0.0%) 
HDR lightdata         [variable]           0/0        ( 0.0%) 
visdata               [variable]           0/16777216 ( 0.0%) 
entdata               [variable]         461/393216   ( 0.1%) 
LDR ambient table       41/65536         164/262144   ( 0.1%) 
HDR ambient table       41/65536         164/262144   ( 0.1%) 
LDR leaf ambient        32/65536         896/1835008  ( 0.0%) 
HDR leaf ambient        41/65536        1148/1835008  ( 0.1%) 
occluders                0/0               0/0        ( 0.0%) 
occluder polygons        0/0               0/0        ( 0.0%) 
occluder vert ind        0/0               0/0        ( 0.0%) 
detail props          [variable]           1/12       ( 8.3%) 
static props          [variable]           1/12       ( 8.3%) 
pakfile               [variable]      106363/0        ( 0.0%) 
physics               [variable]         969/4194304  ( 0.0%) 
physics terrain       [variable]           2/1048576  ( 0.0%) 

Level flags = 0

Total triangle count: 64
Writing d:\proyectos\nmrih_maps\practica\mapa_practica.bsp
0 seconds elapsed



materialPath: D:\Programas\Juegos\Windows\SteamLibrary\steamapps\common\nmrih\nmrih\materials
Loading d:\proyectos\nmrih_maps\practica\mapa_practica.vmf
Could not locate 'GameData' key in d:\programas\juegos\windows\steamlibrary\steamapps\common\nmrih\nmrih\gameinfo.txt
Patching WVT material: maps/mapa_practica/nmrih/nmrih_harvest/slimz/blend_groundgrass01_groundearth01_wvt_patch
fixing up env_cubemap materials on brush sides...
0...1...2...3...4...5...6...7...8...9...10**** leaked ****
Entity me_machete (-0.23 255.62 -64.03) leaked!
Processing areas...done (0)
Building Faces...done (0)
FixTjuncs...
PruneNodes...
WriteBSP...
done (0)
Creating default LDR cubemaps for env_cubemap using skybox materials:
   skybox/sky_day01_01*.vmt
 ! Run buildcubemaps in the engine to get the correct cube maps.
Creating default HDR cubemaps for env_cubemap using skybox materials:
   skybox/sky_day01_01*.vmt
 ! Run buildcubemaps in the engine to get the correct cube maps.
Finding displacement neighbors...
Finding lightmap sample positions...
Displacement Alpha : 0...1...2...3...4...5...6...7...8...9...10
Building Physics collision data...
done (0) (969 bytes)
Placing detail props : 0...1...2...3...4...5...6...7...8...9...10
Compacting texture/material tables...
Reduced 9 texinfos to 6
Reduced 3 texdatas to 2 (197 bytes to 137)
Writing d:\proyectos\nmrih_maps\practica\mapa_practica.bsp
MSG_FILEWRITE - Filesystem was asked to write to 'd:\proyectos\nmrih_maps\practica\mapa_practica.bsp', but we don't own that location. Allowing.
Wrote ZIP buffer, estimated size 106711, actual size 106363
0 seconds elapsed



8 threads
reading d:\proyectos\nmrih_maps\practica\mapa_practica.bsp
reading d:\proyectos\nmrih_maps\practica\mapa_practica.prt
LoadPortals: couldn't read d:\proyectos\nmrih_maps\practica\mapa_practica.prt



[Reading texlights from 'lights.rad']
[52 texlights parsed from 'lights.rad']

Loading d:\proyectos\nmrih_maps\practica\mapa_practica.bsp
No vis information, direct lighting only.
32 faces
32768 square feet [4718592.00 square inches]
0 Displacements
0 Square Feet [0.00 Square Inches]
0 direct lights
0...1...2...3...4...5...6...7...8...9...10Build Patch/Sample Hash Table(s).....Done<0.0010 sec>
0...1...2...3...4...5...6...7...8...9...10FinalLightFace Done
0 of 0 (0% of) surface lights went in leaf ambient cubes.
0...1...2...3...4...5...6...7...8...9...10Writing leaf ambient...done
Ready to Finish

Object names       Objects/Maxobjs  Memory / Maxmem  Fullness 
------------       ---------------  ---------------  -------- 
models                   1/1024           48/49152    ( 0.1%) 
brushes                  2/8192           24/98304    ( 0.0%) 
brushsides              12/65536          96/524288   ( 0.0%) 
planes                  32/65536         640/1310720  ( 0.0%) 
vertexes                37/65536         444/786432   ( 0.1%) 
nodes                   39/65536        1248/2097152  ( 0.1%) 
texinfos                 6/12288         432/884736   ( 0.0%) 
texdata                  2/2048           64/65536    ( 0.1%) 
dispinfos                0/0               0/0        ( 0.0%) 
disp_verts               0/0               0/0        ( 0.0%) 
disp_tris                0/0               0/0        ( 0.0%) 
disp_lmsamples           0/0               0/0        ( 0.0%) 
faces                   32/65536        1792/3670016  ( 0.0%) 
hdr faces                0/65536           0/3670016  ( 0.0%) 
origfaces               12/65536         672/3670016  ( 0.0%) 
leaves                  41/65536        1312/2097152  ( 0.1%) 
leaffaces               32/65536          64/131072   ( 0.0%) 
leafbrushes              8/65536          16/131072   ( 0.0%) 
areas                    2/256            16/2048     ( 0.8%) 
surfedges              176/512000        704/2048000  ( 0.0%) 
edges                   89/256000        356/1024000  ( 0.0%) 
LDR worldlights          0/8192            0/720896   ( 0.0%) 
HDR worldlights          0/8192            0/720896   ( 0.0%) 
leafwaterdata            0/32768           0/393216   ( 0.0%) 
waterstrips              0/32768           0/327680   ( 0.0%) 
waterverts               0/65536           0/786432   ( 0.0%) 
waterindices             0/65536           0/131072   ( 0.0%) 
cubemapsamples           0/1024            0/16384    ( 0.0%) 
overlays                 0/512             0/180224   ( 0.0%) 
LDR lightdata         [variable]       80384/0        ( 0.0%) 
HDR lightdata         [variable]           0/0        ( 0.0%) 
visdata               [variable]           0/16777216 ( 0.0%) 
entdata               [variable]         481/393216   ( 0.1%) 
LDR ambient table       41/65536         164/262144   ( 0.1%) 
HDR ambient table       41/65536         164/262144   ( 0.1%) 
LDR leaf ambient        32/65536         896/1835008  ( 0.0%) 
HDR leaf ambient        41/65536        1148/1835008  ( 0.1%) 
occluders                0/0               0/0        ( 0.0%) 
occluder polygons        0/0               0/0        ( 0.0%) 
occluder vert ind        0/0               0/0        ( 0.0%) 
detail props          [variable]           1/12       ( 8.3%) 
static props          [variable]           1/12       ( 8.3%) 
pakfile               [variable]      106363/0        ( 0.0%) 
physics               [variable]         969/4194304  ( 0.0%) 
physics terrain       [variable]           2/1048576  ( 0.0%) 

Level flags = 0

Total triangle count: 64
Writing d:\proyectos\nmrih_maps\practica\mapa_practica.bsp
0 seconds elapsed



materialPath: D:\Programas\Juegos\Windows\SteamLibrary\steamapps\common\nmrih\nmrih\materials
Loading D:\Proyectos\nmrih_maps\practica\mapa_practica.vmf
Could not locate 'GameData' key in d:\programas\juegos\windows\steamlibrary\steamapps\common\nmrih\nmrih\gameinfo.txt
Patching WVT material: maps/mapa_practica/nmrih/nmrih_harvest/slimz/blend_groundgrass01_groundearth01_wvt_patch
fixing up env_cubemap materials on brush sides...
0...1...2...3...4...5...6...7...8...9...10**** leaked ****
Entity me_machete (-0.23 255.62 -64.03) leaked!
Processing areas...done (0)
Building Faces...done (0)
FixTjuncs...
PruneNodes...
WriteBSP...
done (0)
Creating default LDR cubemaps for env_cubemap using skybox materials:
   skybox/sky_day01_01*.vmt
 ! Run buildcubemaps in the engine to get the correct cube maps.
Creating default HDR cubemaps for env_cubemap using skybox materials:
   skybox/sky_day01_01*.vmt
 ! Run buildcubemaps in the engine to get the correct cube maps.
Finding displacement neighbors...
Finding lightmap sample positions...
Displacement Alpha : 0...1...2...3...4...5...6...7...8...9...10
Building Physics collision data...
done (0) (969 bytes)
Placing detail props : 0...1...2...3...4...5...6...7...8...9...10
Compacting texture/material tables...
Reduced 9 texinfos to 6
Reduced 3 texdatas to 2 (197 bytes to 137)
Writing D:\Proyectos\nmrih_maps\practica\mapa_practica.bsp
MSG_FILEWRITE - Filesystem was asked to write to 'D:\Proyectos\nmrih_maps\practica\mapa_practica.bsp', but we don't own that location. Allowing.
Wrote ZIP buffer, estimated size 106711, actual size 106363
0 seconds elapsed



8 threads
reading d:\proyectos\nmrih_maps\practica\mapa_practica.bsp
reading d:\proyectos\nmrih_maps\practica\mapa_practica.prt
LoadPortals: couldn't read d:\proyectos\nmrih_maps\practica\mapa_practica.prt



[Reading texlights from 'lights.rad']
[52 texlights parsed from 'lights.rad']

Loading d:\proyectos\nmrih_maps\practica\mapa_practica.bsp
No vis information, direct lighting only.
32 faces
32768 square feet [4718592.00 square inches]
0 Displacements
0 Square Feet [0.00 Square Inches]
0 direct lights
0...1...2...3...4...5...6...7...8...9...10Build Patch/Sample Hash Table(s).....Done<0.0007 sec>
0...1...2...3...4...5...6...7...8...9...10FinalLightFace Done
0 of 0 (0% of) surface lights went in leaf ambient cubes.
0...1...2...3...4...5...6...7...8...9...10Writing leaf ambient...done
Ready to Finish

Object names       Objects/Maxobjs  Memory / Maxmem  Fullness 
------------       ---------------  ---------------  -------- 
models                   1/1024           48/49152    ( 0.1%) 
brushes                  2/8192           24/98304    ( 0.0%) 
brushsides              12/65536          96/524288   ( 0.0%) 
planes                  32/65536         640/1310720  ( 0.0%) 
vertexes                37/65536         444/786432   ( 0.1%) 
nodes                   39/65536        1248/2097152  ( 0.1%) 
texinfos                 6/12288         432/884736   ( 0.0%) 
texdata                  2/2048           64/65536    ( 0.1%) 
dispinfos                0/0               0/0        ( 0.0%) 
disp_verts               0/0               0/0        ( 0.0%) 
disp_tris                0/0               0/0        ( 0.0%) 
disp_lmsamples           0/0               0/0        ( 0.0%) 
faces                   32/65536        1792/3670016  ( 0.0%) 
hdr faces                0/65536           0/3670016  ( 0.0%) 
origfaces               12/65536         672/3670016  ( 0.0%) 
leaves                  41/65536        1312/2097152  ( 0.1%) 
leaffaces               32/65536          64/131072   ( 0.0%) 
leafbrushes              8/65536          16/131072   ( 0.0%) 
areas                    2/256            16/2048     ( 0.8%) 
surfedges              176/512000        704/2048000  ( 0.0%) 
edges                   89/256000        356/1024000  ( 0.0%) 
LDR worldlights          0/8192            0/720896   ( 0.0%) 
HDR worldlights          0/8192            0/720896   ( 0.0%) 
leafwaterdata            0/32768           0/393216   ( 0.0%) 
waterstrips              0/32768           0/327680   ( 0.0%) 
waterverts               0/65536           0/786432   ( 0.0%) 
waterindices             0/65536           0/131072   ( 0.0%) 
cubemapsamples           0/1024            0/16384    ( 0.0%) 
overlays                 0/512             0/180224   ( 0.0%) 
LDR lightdata         [variable]       80384/0        ( 0.0%) 
HDR lightdata         [variable]           0/0        ( 0.0%) 
visdata               [variable]           0/16777216 ( 0.0%) 
entdata               [variable]         481/393216   ( 0.1%) 
LDR ambient table       41/65536         164/262144   ( 0.1%) 
HDR ambient table       41/65536         164/262144   ( 0.1%) 
LDR leaf ambient        32/65536         896/1835008  ( 0.0%) 
HDR leaf ambient        41/65536        1148/1835008  ( 0.1%) 
occluders                0/0               0/0        ( 0.0%) 
occluder polygons        0/0               0/0        ( 0.0%) 
occluder vert ind        0/0               0/0        ( 0.0%) 
detail props          [variable]           1/12       ( 8.3%) 
static props          [variable]           1/12       ( 8.3%) 
pakfile               [variable]      106363/0        ( 0.0%) 
physics               [variable]         969/4194304  ( 0.0%) 
physics terrain       [variable]           2/1048576  ( 0.0%) 

Level flags = 0

Total triangle count: 64
Writing d:\proyectos\nmrih_maps\practica\mapa_practica.bsp
0 seconds elapsed



materialPath: D:\Programas\Juegos\Windows\SteamLibrary\steamapps\common\nmrih\nmrih\materials
Loading d:\proyectos\nmrih_maps\practica\mapa_practica.vmf
Could not locate 'GameData' key in d:\programas\juegos\windows\steamlibrary\steamapps\common\nmrih\nmrih\gameinfo.txt
Patching WVT material: maps/mapa_practica/nmrih/nmrih_harvest/slimz/blend_groundgrass01_groundearth01_wvt_patch
fixing up env_cubemap materials on brush sides...
0...1...2...3...4...5...6...7...8...9...10**** leaked ****
Entity me_machete (-0.23 255.62 -64.03) leaked!
Processing areas...done (0)
Building Faces...done (0)
FixTjuncs...
PruneNodes...
WriteBSP...
done (0)
Creating default LDR cubemaps for env_cubemap using skybox materials:
   skybox/sky_day01_01*.vmt
 ! Run buildcubemaps in the engine to get the correct cube maps.
Creating default HDR cubemaps for env_cubemap using skybox materials:
   skybox/sky_day01_01*.vmt
 ! Run buildcubemaps in the engine to get the correct cube maps.
Finding displacement neighbors...
Finding lightmap sample positions...
Displacement Alpha : 0...1...2...3...4...5...6...7...8...9...10
Building Physics collision data...
done (0) (969 bytes)
Placing detail props : 0...1...2...3...4...5...6...7...8...9...10
Compacting texture/material tables...
Reduced 9 texinfos to 6
Reduced 3 texdatas to 2 (197 bytes to 137)
Writing d:\proyectos\nmrih_maps\practica\mapa_practica.bsp
MSG_FILEWRITE - Filesystem was asked to write to 'd:\proyectos\nmrih_maps\practica\mapa_practica.bsp', but we don't own that location. Allowing.
Wrote ZIP buffer, estimated size 106711, actual size 106363
0 seconds elapsed



8 threads
reading d:\proyectos\nmrih_maps\practica\mapa_practica.bsp
reading d:\proyectos\nmrih_maps\practica\mapa_practica.prt
LoadPortals: couldn't read d:\proyectos\nmrih_maps\practica\mapa_practica.prt



[Reading texlights from 'lights.rad']
[52 texlights parsed from 'lights.rad']

Loading d:\proyectos\nmrih_maps\practica\mapa_practica.bsp
No vis information, direct lighting only.
32 faces
32768 square feet [4718592.00 square inches]
0 Displacements
0 Square Feet [0.00 Square Inches]
0 direct lights
0...1...2...3...4...5...6...7...8...9...10Build Patch/Sample Hash Table(s).....Done<0.0008 sec>
0...1...2...3...4...5...6...7...8...9...10FinalLightFace Done
0 of 0 (0% of) surface lights went in leaf ambient cubes.
0...1...2...3...4...5...6...7...8...9...10Writing leaf ambient...done
Ready to Finish

Object names       Objects/Maxobjs  Memory / Maxmem  Fullness 
------------       ---------------  ---------------  -------- 
models                   1/1024           48/49152    ( 0.1%) 
brushes                  2/8192           24/98304    ( 0.0%) 
brushsides              12/65536          96/524288   ( 0.0%) 
planes                  32/65536         640/1310720  ( 0.0%) 
vertexes                37/65536         444/786432   ( 0.1%) 
nodes                   39/65536        1248/2097152  ( 0.1%) 
texinfos                 6/12288         432/884736   ( 0.0%) 
texdata                  2/2048           64/65536    ( 0.1%) 
dispinfos                0/0               0/0        ( 0.0%) 
disp_verts               0/0               0/0        ( 0.0%) 
disp_tris                0/0               0/0        ( 0.0%) 
disp_lmsamples           0/0               0/0        ( 0.0%) 
faces                   32/65536        1792/3670016  ( 0.0%) 
hdr faces                0/65536           0/3670016  ( 0.0%) 
origfaces               12/65536         672/3670016  ( 0.0%) 
leaves                  41/65536        1312/2097152  ( 0.1%) 
leaffaces               32/65536          64/131072   ( 0.0%) 
leafbrushes              8/65536          16/131072   ( 0.0%) 
areas                    2/256            16/2048     ( 0.8%) 
surfedges              176/512000        704/2048000  ( 0.0%) 
edges                   89/256000        356/1024000  ( 0.0%) 
LDR worldlights          0/8192            0/720896   ( 0.0%) 
HDR worldlights          0/8192            0/720896   ( 0.0%) 
leafwaterdata            0/32768           0/393216   ( 0.0%) 
waterstrips              0/32768           0/327680   ( 0.0%) 
waterverts               0/65536           0/786432   ( 0.0%) 
waterindices             0/65536           0/131072   ( 0.0%) 
cubemapsamples           0/1024            0/16384    ( 0.0%) 
overlays                 0/512             0/180224   ( 0.0%) 
LDR lightdata         [variable]       80384/0        ( 0.0%) 
HDR lightdata         [variable]           0/0        ( 0.0%) 
visdata               [variable]           0/16777216 ( 0.0%) 
entdata               [variable]         481/393216   ( 0.1%) 
LDR ambient table       41/65536         164/262144   ( 0.1%) 
HDR ambient table       41/65536         164/262144   ( 0.1%) 
LDR leaf ambient        32/65536         896/1835008  ( 0.0%) 
HDR leaf ambient        41/65536        1148/1835008  ( 0.1%) 
occluders                0/0               0/0        ( 0.0%) 
occluder polygons        0/0               0/0        ( 0.0%) 
occluder vert ind        0/0               0/0        ( 0.0%) 
detail props          [variable]           1/12       ( 8.3%) 
static props          [variable]           1/12       ( 8.3%) 
pakfile               [variable]      106363/0        ( 0.0%) 
physics               [variable]         969/4194304  ( 0.0%) 
physics terrain       [variable]           2/1048576  ( 0.0%) 

Level flags = 0

Total triangle count: 64
Writing d:\proyectos\nmrih_maps\practica\mapa_practica.bsp
0 seconds elapsed



materialPath: D:\Programas\Juegos\Windows\SteamLibrary\steamapps\common\nmrih\nmrih\materials
Loading D:\Proyectos\nmrih_maps\practica\mapa_practica.vmf
Could not locate 'GameData' key in d:\programas\juegos\windows\steamlibrary\steamapps\common\nmrih\nmrih\gameinfo.txt
Patching WVT material: maps/mapa_practica/nmrih/nmrih_harvest/slimz/blend_groundgrass01_groundearth01_wvt_patch
fixing up env_cubemap materials on brush sides...
0...1...2...3...4...5...6...7...8...9...10**** leaked ****
Entity me_machete (-0.23 255.62 -64.03) leaked!
Processing areas...done (0)
Building Faces...done (0)
FixTjuncs...
PruneNodes...
WriteBSP...
done (0)
Creating default LDR cubemaps for env_cubemap using skybox materials:
   skybox/sky_day01_01*.vmt
 ! Run buildcubemaps in the engine to get the correct cube maps.
Creating default HDR cubemaps for env_cubemap using skybox materials:
   skybox/sky_day01_01*.vmt
 ! Run buildcubemaps in the engine to get the correct cube maps.
Finding displacement neighbors...
Finding lightmap sample positions...
Displacement Alpha : 0...1...2...3...4...5...6...7...8...9...10
Building Physics collision data...
done (0) (969 bytes)
Placing detail props : 0...1...2...3...4...5...6...7...8...9...10
Compacting texture/material tables...
Reduced 9 texinfos to 6
Reduced 3 texdatas to 2 (197 bytes to 137)
Writing D:\Proyectos\nmrih_maps\practica\mapa_practica.bsp
MSG_FILEWRITE - Filesystem was asked to write to 'D:\Proyectos\nmrih_maps\practica\mapa_practica.bsp', but we don't own that location. Allowing.
Wrote ZIP buffer, estimated size 106711, actual size 106363
0 seconds elapsed



8 threads
reading d:\proyectos\nmrih_maps\practica\mapa_practica.bsp
reading d:\proyectos\nmrih_maps\practica\mapa_practica.prt
LoadPortals: couldn't read d:\proyectos\nmrih_maps\practica\mapa_practica.prt



[Reading texlights from 'lights.rad']
[52 texlights parsed from 'lights.rad']

Loading d:\proyectos\nmrih_maps\practica\mapa_practica.bsp
No vis information, direct lighting only.
32 faces
32768 square feet [4718592.00 square inches]
0 Displacements
0 Square Feet [0.00 Square Inches]
0 direct lights
0...1...2...3...4...5...6...7...8...9...10Build Patch/Sample Hash Table(s).....Done<0.0014 sec>
0...1...2...3...4...5...6...7...8...9...10FinalLightFace Done
0 of 0 (0% of) surface lights went in leaf ambient cubes.
0...1...2...3...4...5...6...7...8...9...10Writing leaf ambient...done
Ready to Finish

Object names       Objects/Maxobjs  Memory / Maxmem  Fullness 
------------       ---------------  ---------------  -------- 
models                   1/1024           48/49152    ( 0.1%) 
brushes                  2/8192           24/98304    ( 0.0%) 
brushsides              12/65536          96/524288   ( 0.0%) 
planes                  32/65536         640/1310720  ( 0.0%) 
vertexes                37/65536         444/786432   ( 0.1%) 
nodes                   39/65536        1248/2097152  ( 0.1%) 
texinfos                 6/12288         432/884736   ( 0.0%) 
texdata                  2/2048           64/65536    ( 0.1%) 
dispinfos                0/0               0/0        ( 0.0%) 
disp_verts               0/0               0/0        ( 0.0%) 
disp_tris                0/0               0/0        ( 0.0%) 
disp_lmsamples           0/0               0/0        ( 0.0%) 
faces                   32/65536        1792/3670016  ( 0.0%) 
hdr faces                0/65536           0/3670016  ( 0.0%) 
origfaces               12/65536         672/3670016  ( 0.0%) 
leaves                  41/65536        1312/2097152  ( 0.1%) 
leaffaces               32/65536          64/131072   ( 0.0%) 
leafbrushes              8/65536          16/131072   ( 0.0%) 
areas                    2/256            16/2048     ( 0.8%) 
surfedges              176/512000        704/2048000  ( 0.0%) 
edges                   89/256000        356/1024000  ( 0.0%) 
LDR worldlights          0/8192            0/720896   ( 0.0%) 
HDR worldlights          0/8192            0/720896   ( 0.0%) 
leafwaterdata            0/32768           0/393216   ( 0.0%) 
waterstrips              0/32768           0/327680   ( 0.0%) 
waterverts               0/65536           0/786432   ( 0.0%) 
waterindices             0/65536           0/131072   ( 0.0%) 
cubemapsamples           0/1024            0/16384    ( 0.0%) 
overlays                 0/512             0/180224   ( 0.0%) 
LDR lightdata         [variable]       80384/0        ( 0.0%) 
HDR lightdata         [variable]           0/0        ( 0.0%) 
visdata               [variable]           0/16777216 ( 0.0%) 
entdata               [variable]         481/393216   ( 0.1%) 
LDR ambient table       41/65536         164/262144   ( 0.1%) 
HDR ambient table       41/65536         164/262144   ( 0.1%) 
LDR leaf ambient        32/65536         896/1835008  ( 0.0%) 
HDR leaf ambient        41/65536        1148/1835008  ( 0.1%) 
occluders                0/0               0/0        ( 0.0%) 
occluder polygons        0/0               0/0        ( 0.0%) 
occluder vert ind        0/0               0/0        ( 0.0%) 
detail props          [variable]           1/12       ( 8.3%) 
static props          [variable]           1/12       ( 8.3%) 
pakfile               [variable]      106363/0        ( 0.0%) 
physics               [variable]         969/4194304  ( 0.0%) 
physics terrain       [variable]           2/1048576  ( 0.0%) 

Level flags = 0

Total triangle count: 64
Writing d:\proyectos\nmrih_maps\practica\mapa_practica.bsp
0 seconds elapsed



materialPath: D:\Programas\Juegos\Windows\SteamLibrary\steamapps\common\nmrih\nmrih\materials
Loading D:\Proyectos\nmrih_maps\practica\mapa_practica.vmf
Could not locate 'GameData' key in d:\programas\juegos\windows\steamlibrary\steamapps\common\nmrih\nmrih\gameinfo.txt
Patching WVT material: maps/mapa_practica/nmrih/nmrih_harvest/slimz/blend_groundgrass01_groundearth01_wvt_patch
fixing up env_cubemap materials on brush sides...
0...1...2...3...4...5...6...7...8...9...10**** leaked ****
Entity me_machete (-0.23 255.62 -64.03) leaked!
Processing areas...done (0)
Building Faces...done (0)
FixTjuncs...
PruneNodes...
WriteBSP...
done (0)
Creating default LDR cubemaps for env_cubemap using skybox materials:
   skybox/sky_day01_01*.vmt
 ! Run buildcubemaps in the engine to get the correct cube maps.
Creating default HDR cubemaps for env_cubemap using skybox materials:
   skybox/sky_day01_01*.vmt
 ! Run buildcubemaps in the engine to get the correct cube maps.
Finding displacement neighbors...
Finding lightmap sample positions...
Displacement Alpha : 0...1...2...3...4...5...6...7...8...9...10
Building Physics collision data...
done (0) (969 bytes)
Placing detail props : 0...1...2...3...4...5...6...7...8...9...10
Compacting texture/material tables...
Reduced 9 texinfos to 6
Reduced 3 texdatas to 2 (197 bytes to 137)
Writing D:\Proyectos\nmrih_maps\practica\mapa_practica.bsp
MSG_FILEWRITE - Filesystem was asked to write to 'D:\Proyectos\nmrih_maps\practica\mapa_practica.bsp', but we don't own that location. Allowing.
Wrote ZIP buffer, estimated size 106711, actual size 106363
0 seconds elapsed



8 threads
reading d:\proyectos\nmrih_maps\practica\mapa_practica.bsp
reading d:\proyectos\nmrih_maps\practica\mapa_practica.prt
LoadPortals: couldn't read d:\proyectos\nmrih_maps\practica\mapa_practica.prt



[Reading texlights from 'lights.rad']
[52 texlights parsed from 'lights.rad']

Loading d:\proyectos\nmrih_maps\practica\mapa_practica.bsp
No vis information, direct lighting only.
32 faces
32768 square feet [4718592.00 square inches]
0 Displacements
0 Square Feet [0.00 Square Inches]
0 direct lights
0...1...2...3...4...5...6...7...8...9...10Build Patch/Sample Hash Table(s).....Done<0.0014 sec>
0...1...2...3...4...5...6...7...8...9...10FinalLightFace Done
0 of 0 (0% of) surface lights went in leaf ambient cubes.
0...1...2...3...4...5...6...7...8...9...10Writing leaf ambient...done
Ready to Finish

Object names       Objects/Maxobjs  Memory / Maxmem  Fullness 
------------       ---------------  ---------------  -------- 
models                   1/1024           48/49152    ( 0.1%) 
brushes                  2/8192           24/98304    ( 0.0%) 
brushsides              12/65536          96/524288   ( 0.0%) 
planes                  32/65536         640/1310720  ( 0.0%) 
vertexes                37/65536         444/786432   ( 0.1%) 
nodes                   39/65536        1248/2097152  ( 0.1%) 
texinfos                 6/12288         432/884736   ( 0.0%) 
texdata                  2/2048           64/65536    ( 0.1%) 
dispinfos                0/0               0/0        ( 0.0%) 
disp_verts               0/0               0/0        ( 0.0%) 
disp_tris                0/0               0/0        ( 0.0%) 
disp_lmsamples           0/0               0/0        ( 0.0%) 
faces                   32/65536        1792/3670016  ( 0.0%) 
hdr faces                0/65536           0/3670016  ( 0.0%) 
origfaces               12/65536         672/3670016  ( 0.0%) 
leaves                  41/65536        1312/2097152  ( 0.1%) 
leaffaces               32/65536          64/131072   ( 0.0%) 
leafbrushes              8/65536          16/131072   ( 0.0%) 
areas                    2/256            16/2048     ( 0.8%) 
surfedges              176/512000        704/2048000  ( 0.0%) 
edges                   89/256000        356/1024000  ( 0.0%) 
LDR worldlights          0/8192            0/720896   ( 0.0%) 
HDR worldlights          0/8192            0/720896   ( 0.0%) 
leafwaterdata            0/32768           0/393216   ( 0.0%) 
waterstrips              0/32768           0/327680   ( 0.0%) 
waterverts               0/65536           0/786432   ( 0.0%) 
waterindices             0/65536           0/131072   ( 0.0%) 
cubemapsamples           0/1024            0/16384    ( 0.0%) 
overlays                 0/512             0/180224   ( 0.0%) 
LDR lightdata         [variable]       80384/0        ( 0.0%) 
HDR lightdata         [variable]           0/0        ( 0.0%) 
visdata               [variable]           0/16777216 ( 0.0%) 
entdata               [variable]         481/393216   ( 0.1%) 
LDR ambient table       41/65536         164/262144   ( 0.1%) 
HDR ambient table       41/65536         164/262144   ( 0.1%) 
LDR leaf ambient        32/65536         896/1835008  ( 0.0%) 
HDR leaf ambient        41/65536        1148/1835008  ( 0.1%) 
occluders                0/0               0/0        ( 0.0%) 
occluder polygons        0/0               0/0        ( 0.0%) 
occluder vert ind        0/0               0/0        ( 0.0%) 
detail props          [variable]           1/12       ( 8.3%) 
static props          [variable]           1/12       ( 8.3%) 
pakfile               [variable]      106363/0        ( 0.0%) 
physics               [variable]         969/4194304  ( 0.0%) 
physics terrain       [variable]           2/1048576  ( 0.0%) 

Level flags = 0

Total triangle count: 64
Writing d:\proyectos\nmrih_maps\practica\mapa_practica.bsp
0 seconds elapsed



materialPath: D:\Programas\Juegos\Windows\SteamLibrary\steamapps\common\nmrih\nmrih\materials
Loading D:\Proyectos\nmrih_maps\practica\mapa_practica.vmf
Could not locate 'GameData' key in d:\programas\juegos\windows\steamlibrary\steamapps\common\nmrih\nmrih\gameinfo.txt
Patching WVT material: maps/mapa_practica/nmrih/nmrih_harvest/slimz/blend_groundgrass01_groundearth01_wvt_patch
fixing up env_cubemap materials on brush sides...
0...1...2...3...4...5...6...7...8...9...10**** leaked ****
Entity me_machete (-0.23 255.62 -64.03) leaked!
Processing areas...done (0)
Building Faces...done (0)
FixTjuncs...
PruneNodes...
WriteBSP...
done (0)
Creating default LDR cubemaps for env_cubemap using skybox materials:
   skybox/sky_day01_01*.vmt
 ! Run buildcubemaps in the engine to get the correct cube maps.
Creating default HDR cubemaps for env_cubemap using skybox materials:
   skybox/sky_day01_01*.vmt
 ! Run buildcubemaps in the engine to get the correct cube maps.
Finding displacement neighbors...
Finding lightmap sample positions...
Displacement Alpha : 0...1...2...3...4...5...6...7...8...9...10
Building Physics collision data...
done (0) (969 bytes)
Placing detail props : 0...1...2...3...4...5...6...7...8...9...10
Compacting texture/material tables...
Reduced 9 texinfos to 6
Reduced 3 texdatas to 2 (197 bytes to 137)
Writing D:\Proyectos\nmrih_maps\practica\mapa_practica.bsp
MSG_FILEWRITE - Filesystem was asked to write to 'D:\Proyectos\nmrih_maps\practica\mapa_practica.bsp', but we don't own that location. Allowing.
Wrote ZIP buffer, estimated size 106711, actual size 106363
1 second elapsed



8 threads
reading d:\proyectos\nmrih_maps\practica\mapa_practica.bsp
reading d:\proyectos\nmrih_maps\practica\mapa_practica.prt
LoadPortals: couldn't read d:\proyectos\nmrih_maps\practica\mapa_practica.prt



[Reading texlights from 'lights.rad']
[52 texlights parsed from 'lights.rad']

Loading d:\proyectos\nmrih_maps\practica\mapa_practica.bsp
No vis information, direct lighting only.
32 faces
32768 square feet [4718592.00 square inches]
0 Displacements
0 Square Feet [0.00 Square Inches]
0 direct lights
0...1...2...3...4...5...6...7...8...9...10Build Patch/Sample Hash Table(s).....Done<0.0023 sec>
0...1...2...3...4...5...6...7...8...9...10FinalLightFace Done
0 of 0 (0% of) surface lights went in leaf ambient cubes.
0...1...2...3...4...5...6...7...8...9...10Writing leaf ambient...done
Ready to Finish

Object names       Objects/Maxobjs  Memory / Maxmem  Fullness 
------------       ---------------  ---------------  -------- 
models                   1/1024           48/49152    ( 0.1%) 
brushes                  2/8192           24/98304    ( 0.0%) 
brushsides              12/65536          96/524288   ( 0.0%) 
planes                  32/65536         640/1310720  ( 0.0%) 
vertexes                37/65536         444/786432   ( 0.1%) 
nodes                   39/65536        1248/2097152  ( 0.1%) 
texinfos                 6/12288         432/884736   ( 0.0%) 
texdata                  2/2048           64/65536    ( 0.1%) 
dispinfos                0/0               0/0        ( 0.0%) 
disp_verts               0/0               0/0        ( 0.0%) 
disp_tris                0/0               0/0        ( 0.0%) 
disp_lmsamples           0/0               0/0        ( 0.0%) 
faces                   32/65536        1792/3670016  ( 0.0%) 
hdr faces                0/65536           0/3670016  ( 0.0%) 
origfaces               12/65536         672/3670016  ( 0.0%) 
leaves                  41/65536        1312/2097152  ( 0.1%) 
leaffaces               32/65536          64/131072   ( 0.0%) 
leafbrushes              8/65536          16/131072   ( 0.0%) 
areas                    2/256            16/2048     ( 0.8%) 
surfedges              176/512000        704/2048000  ( 0.0%) 
edges                   89/256000        356/1024000  ( 0.0%) 
LDR worldlights          0/8192            0/720896   ( 0.0%) 
HDR worldlights          0/8192            0/720896   ( 0.0%) 
leafwaterdata            0/32768           0/393216   ( 0.0%) 
waterstrips              0/32768           0/327680   ( 0.0%) 
waterverts               0/65536           0/786432   ( 0.0%) 
waterindices             0/65536           0/131072   ( 0.0%) 
cubemapsamples           0/1024            0/16384    ( 0.0%) 
overlays                 0/512             0/180224   ( 0.0%) 
LDR lightdata         [variable]       80384/0        ( 0.0%) 
HDR lightdata         [variable]           0/0        ( 0.0%) 
visdata               [variable]           0/16777216 ( 0.0%) 
entdata               [variable]         481/393216   ( 0.1%) 
LDR ambient table       41/65536         164/262144   ( 0.1%) 
HDR ambient table       41/65536         164/262144   ( 0.1%) 
LDR leaf ambient        32/65536         896/1835008  ( 0.0%) 
HDR leaf ambient        41/65536        1148/1835008  ( 0.1%) 
occluders                0/0               0/0        ( 0.0%) 
occluder polygons        0/0               0/0        ( 0.0%) 
occluder vert ind        0/0               0/0        ( 0.0%) 
detail props          [variable]           1/12       ( 8.3%) 
static props          [variable]           1/12       ( 8.3%) 
pakfile               [variable]      106363/0        ( 0.0%) 
physics               [variable]         969/4194304  ( 0.0%) 
physics terrain       [variable]           2/1048576  ( 0.0%) 

Level flags = 0

Total triangle count: 64
Writing d:\proyectos\nmrih_maps\practica\mapa_practica.bsp
0 seconds elapsed



materialPath: D:\Programas\Juegos\Windows\SteamLibrary\steamapps\common\nmrih\nmrih\materials
Loading d:\proyectos\nmrih_maps\practica\mapa_practica.vmf
Could not locate 'GameData' key in d:\programas\juegos\windows\steamlibrary\steamapps\common\nmrih\nmrih\gameinfo.txt
Patching WVT material: maps/mapa_practica/nmrih/nmrih_harvest/slimz/blend_groundgrass01_groundearth01_wvt_patch
fixing up env_cubemap materials on brush sides...
0...1...2...3...4...5...6...7...8...9...10**** leaked ****
Entity me_machete (-0.23 255.62 -64.03) leaked!
Processing areas...done (0)
Building Faces...done (0)
FixTjuncs...
PruneNodes...
WriteBSP...
done (0)
Creating default LDR cubemaps for env_cubemap using skybox materials:
   skybox/sky_day01_01*.vmt
 ! Run buildcubemaps in the engine to get the correct cube maps.
Creating default HDR cubemaps for env_cubemap using skybox materials:
   skybox/sky_day01_01*.vmt
 ! Run buildcubemaps in the engine to get the correct cube maps.
Finding displacement neighbors...
Finding lightmap sample positions...
Displacement Alpha : 0...1...2...3...4...5...6...7...8...9...10
Building Physics collision data...
done (0) (969 bytes)
Placing detail props : 0...1...2...3...4...5...6...7...8...9...10
Compacting texture/material tables...
Reduced 9 texinfos to 6
Reduced 3 texdatas to 2 (197 bytes to 137)
Writing d:\proyectos\nmrih_maps\practica\mapa_practica.bsp
MSG_FILEWRITE - Filesystem was asked to write to 'd:\proyectos\nmrih_maps\practica\mapa_practica.bsp', but we don't own that location. Allowing.
Wrote ZIP buffer, estimated size 106711, actual size 106363
0 seconds elapsed



8 threads
reading d:\proyectos\nmrih_maps\practica\mapa_practica.bsp
reading d:\proyectos\nmrih_maps\practica\mapa_practica.prt
LoadPortals: couldn't read d:\proyectos\nmrih_maps\practica\mapa_practica.prt



[Reading texlights from 'lights.rad']
[52 texlights parsed from 'lights.rad']

Loading d:\proyectos\nmrih_maps\practica\mapa_practica.bsp
No vis information, direct lighting only.
32 faces
32768 square feet [4718592.00 square inches]
0 Displacements
0 Square Feet [0.00 Square Inches]
0 direct lights
0...1...2...3...4...5...6...7...8...9...10Build Patch/Sample Hash Table(s).....Done<0.0005 sec>
0...1...2...3...4...5...6...7...8...9...10FinalLightFace Done
0 of 0 (0% of) surface lights went in leaf ambient cubes.
0...1...2...3...4...5...6...7...8...9...10Writing leaf ambient...done
Ready to Finish

Object names       Objects/Maxobjs  Memory / Maxmem  Fullness 
------------       ---------------  ---------------  -------- 
models                   1/1024           48/49152    ( 0.1%) 
brushes                  2/8192           24/98304    ( 0.0%) 
brushsides              12/65536          96/524288   ( 0.0%) 
planes                  32/65536         640/1310720  ( 0.0%) 
vertexes                37/65536         444/786432   ( 0.1%) 
nodes                   39/65536        1248/2097152  ( 0.1%) 
texinfos                 6/12288         432/884736   ( 0.0%) 
texdata                  2/2048           64/65536    ( 0.1%) 
dispinfos                0/0               0/0        ( 0.0%) 
disp_verts               0/0               0/0        ( 0.0%) 
disp_tris                0/0               0/0        ( 0.0%) 
disp_lmsamples           0/0               0/0        ( 0.0%) 
faces                   32/65536        1792/3670016  ( 0.0%) 
hdr faces                0/65536           0/3670016  ( 0.0%) 
origfaces               12/65536         672/3670016  ( 0.0%) 
leaves                  41/65536        1312/2097152  ( 0.1%) 
leaffaces               32/65536          64/131072   ( 0.0%) 
leafbrushes              8/65536          16/131072   ( 0.0%) 
areas                    2/256            16/2048     ( 0.8%) 
surfedges              176/512000        704/2048000  ( 0.0%) 
edges                   89/256000        356/1024000  ( 0.0%) 
LDR worldlights          0/8192            0/720896   ( 0.0%) 
HDR worldlights          0/8192            0/720896   ( 0.0%) 
leafwaterdata            0/32768           0/393216   ( 0.0%) 
waterstrips              0/32768           0/327680   ( 0.0%) 
waterverts               0/65536           0/786432   ( 0.0%) 
waterindices             0/65536           0/131072   ( 0.0%) 
cubemapsamples           0/1024            0/16384    ( 0.0%) 
overlays                 0/512             0/180224   ( 0.0%) 
LDR lightdata         [variable]       80384/0        ( 0.0%) 
HDR lightdata         [variable]           0/0        ( 0.0%) 
visdata               [variable]           0/16777216 ( 0.0%) 
entdata               [variable]         481/393216   ( 0.1%) 
LDR ambient table       41/65536         164/262144   ( 0.1%) 
HDR ambient table       41/65536         164/262144   ( 0.1%) 
LDR leaf ambient        32/65536         896/1835008  ( 0.0%) 
HDR leaf ambient        41/65536        1148/1835008  ( 0.1%) 
occluders                0/0               0/0        ( 0.0%) 
occluder polygons        0/0               0/0        ( 0.0%) 
occluder vert ind        0/0               0/0        ( 0.0%) 
detail props          [variable]           1/12       ( 8.3%) 
static props          [variable]           1/12       ( 8.3%) 
pakfile               [variable]      106363/0        ( 0.0%) 
physics               [variable]         969/4194304  ( 0.0%) 
physics terrain       [variable]           2/1048576  ( 0.0%) 

Level flags = 0

Total triangle count: 64
Writing d:\proyectos\nmrih_maps\practica\mapa_practica.bsp
0 seconds elapsed



materialPath: D:\Programas\Juegos\Windows\SteamLibrary\steamapps\common\nmrih\nmrih\materials
Loading D:\Proyectos\nmrih_maps\practica\mapa_practica.vmf
Could not locate 'GameData' key in d:\programas\juegos\windows\steamlibrary\steamapps\common\nmrih\nmrih\gameinfo.txt
fixing up env_cubemap materials on brush sides...
0...1...2...3...4...5...6...7...8...9...10**** leaked ****
Entity prop_detail (-4.00 -3016.00 -64.00) leaked!
Processing areas...done (0)
Building Faces...done (0)
FixTjuncs...
PruneNodes...
WriteBSP...
done (0)
Creating default LDR cubemaps for env_cubemap using skybox materials:
   skybox/sky_day01_01*.vmt
 ! Run buildcubemaps in the engine to get the correct cube maps.
Creating default HDR cubemaps for env_cubemap using skybox materials:
   skybox/sky_day01_01*.vmt
 ! Run buildcubemaps in the engine to get the correct cube maps.
Finding displacement neighbors...
Finding lightmap sample positions...
Displacement Alpha : 0...1...2...3...4...5...6...7...8...9...10
Building Physics collision data...
done (0) (575 bytes)
Placing detail props : 0...1...2...3...4...5...6...7...8...9...10
Compacting texture/material tables...
Reduced 3 texinfos to 3
Reduced 1 texdatas to 1 (23 bytes to 23)
Writing D:\Proyectos\nmrih_maps\practica\mapa_practica.bsp
MSG_FILEWRITE - Filesystem was asked to write to 'D:\Proyectos\nmrih_maps\practica\mapa_practica.bsp', but we don't own that location. Allowing.
Wrote ZIP buffer, estimated size 105897, actual size 105683
0 seconds elapsed



8 threads
reading d:\proyectos\nmrih_maps\practica\mapa_practica.bsp
reading d:\proyectos\nmrih_maps\practica\mapa_practica.prt
LoadPortals: couldn't read d:\proyectos\nmrih_maps\practica\mapa_practica.prt



[Reading texlights from 'lights.rad']
[52 texlights parsed from 'lights.rad']

Loading d:\proyectos\nmrih_maps\practica\mapa_practica.bsp
No vis information, direct lighting only.
836 faces
627143 square feet [90308608.00 square inches]
0 Displacements
0 Square Feet [0.00 Square Inches]
0 direct lights
0...1...2...3...4...5...6...7...8...9...10Build Patch/Sample Hash Table(s).....Done<0.0151 sec>
0...1...2...3...4...5...6...7...8...9...10FinalLightFace Done
Computing detail prop lighting : 0...1...2...3...4...5...6...7...8...9...10
0 of 0 (0% of) surface lights went in leaf ambient cubes.
0...1...2...3...4...5...6...7...8...9...10Writing leaf ambient...done
Ready to Finish

Object names       Objects/Maxobjs  Memory / Maxmem  Fullness 
------------       ---------------  ---------------  -------- 
models                   1/1024           48/49152    ( 0.1%) 
brushes                  1/8192           12/98304    ( 0.0%) 
brushsides               6/65536          48/524288   ( 0.0%) 
planes                  48/65536         960/1310720  ( 0.1%) 
vertexes               897/65536       10764/786432   ( 1.4%) 
nodes                  223/65536        7136/2097152  ( 0.3%) 
texinfos                 3/12288         216/884736   ( 0.0%) 
texdata                  1/2048           32/65536    ( 0.0%) 
dispinfos                0/0               0/0        ( 0.0%) 
disp_verts               0/0               0/0        ( 0.0%) 
disp_tris                0/0               0/0        ( 0.0%) 
disp_lmsamples           0/0               0/0        ( 0.0%) 
faces                  836/65536       46816/3670016  ( 1.3%) 
hdr faces                0/65536           0/3670016  ( 0.0%) 
origfaces                6/65536         336/3670016  ( 0.0%) 
leaves                 225/65536        7200/2097152  ( 0.3%) 
leaffaces              846/65536        1692/131072   ( 1.3%) 
leafbrushes             56/65536         112/131072   ( 0.1%) 
areas                    2/256            16/2048     ( 0.8%) 
surfedges             3484/512000      13936/2048000  ( 0.7%) 
edges                 1743/256000       6972/1024000  ( 0.7%) 
LDR worldlights          0/8192            0/720896   ( 0.0%) 
HDR worldlights          0/8192            0/720896   ( 0.0%) 
leafwaterdata            0/32768           0/393216   ( 0.0%) 
waterstrips             30/32768         300/327680   ( 0.1%) 
waterverts               0/65536           0/786432   ( 0.0%) 
waterindices           360/65536         720/131072   ( 0.5%) 
cubemapsamples           0/1024            0/16384    ( 0.0%) 
overlays                 0/512             0/180224   ( 0.0%) 
LDR lightdata         [variable]     1644344/0        ( 0.0%) 
HDR lightdata         [variable]           0/0        ( 0.0%) 
visdata               [variable]           0/16777216 ( 0.0%) 
entdata               [variable]         485/393216   ( 0.1%) 
LDR ambient table      225/65536         900/262144   ( 0.3%) 
HDR ambient table      225/65536         900/262144   ( 0.3%) 
LDR leaf ambient       168/65536        4704/1835008  ( 0.3%) 
HDR leaf ambient       225/65536        6300/1835008  ( 0.3%) 
occluders                0/0               0/0        ( 0.0%) 
occluder polygons        0/0               0/0        ( 0.0%) 
occluder vert ind        0/0               0/0        ( 0.0%) 
detail props          [variable]           1/244      ( 0.4%) 
dtl prp lght          [variable]           1/4        (25.0%) 
HDR dtl prp lght      [variable]           1/4        (25.0%) 
static props          [variable]           1/12       ( 8.3%) 
pakfile               [variable]      105683/0        ( 0.0%) 
physics               [variable]         575/4194304  ( 0.0%) 
physics terrain       [variable]           2/1048576  ( 0.0%) 

Level flags = 0

Total triangle count: 1788
Writing d:\proyectos\nmrih_maps\practica\mapa_practica.bsp
0 seconds elapsed



materialPath: D:\Programas\Juegos\Windows\SteamLibrary\steamapps\common\nmrih\nmrih\materials
Loading D:\Proyectos\nmrih_maps\practica\mapa_practica.vmf
Could not locate 'GameData' key in d:\programas\juegos\windows\steamlibrary\steamapps\common\nmrih\nmrih\gameinfo.txt
fixing up env_cubemap materials on brush sides...
0...1...2...3...4...5...6...7...8...9...100...1...2...3...4...5...6...7...8...9...10Processing areas...done (0)
Building Faces...done (0)
FixTjuncs...
PruneNodes...
WriteBSP...
done (0)
writing D:\Proyectos\nmrih_maps\practica\mapa_practica.prt...Building visibility clusters...
done (0)
Creating default LDR cubemaps for env_cubemap using skybox materials:
   skybox/sky_day01_01*.vmt
 ! Run buildcubemaps in the engine to get the correct cube maps.
Creating default HDR cubemaps for env_cubemap using skybox materials:
   skybox/sky_day01_01*.vmt
 ! Run buildcubemaps in the engine to get the correct cube maps.
Finding displacement neighbors...
Finding lightmap sample positions...
Displacement Alpha : 0...1...2...3...4...5...6...7...8...9...10
Building Physics collision data...
done (0) (2313 bytes)
Placing detail props : 0...1...2...3...4...5...6...7...8...9...10
Compacting texture/material tables...
Reduced 7 texinfos to 3
Reduced 3 texdatas to 3 (57 bytes to 57)
Writing D:\Proyectos\nmrih_maps\practica\mapa_practica.bsp
MSG_FILEWRITE - Filesystem was asked to write to 'D:\Proyectos\nmrih_maps\practica\mapa_practica.bsp', but we don't own that location. Allowing.
Wrote ZIP buffer, estimated size 105897, actual size 105683
0 seconds elapsed



8 threads
reading d:\proyectos\nmrih_maps\practica\mapa_practica.bsp
reading d:\proyectos\nmrih_maps\practica\mapa_practica.prt
   4 portalclusters
   4 numportals
0...1...2...3...4...5...6...7...8...9...100...1...2...3...4...5...6...7...8...9...10Optimized: 0 visible clusters (0.00%)
Total clusters visible: 16
Average clusters visible: 4
Building PAS...
Average clusters audible: 4
visdatasize:44  compressed from 64
writing d:\proyectos\nmrih_maps\practica\mapa_practica.bsp
MSG_FILEWRITE - Filesystem was asked to write to 'd:\proyectos\nmrih_maps\practica\mapa_practica.bsp', but we don't own that location. Allowing.
0 seconds elapsed



[Reading texlights from 'lights.rad']
[52 texlights parsed from 'lights.rad']

Loading d:\proyectos\nmrih_maps\practica\mapa_practica.bsp
18 faces
41861 square feet [6028024.50 square inches]
0 Displacements
0 Square Feet [0.00 Square Inches]
18 patches before subdivision
582 patches after subdivision
2 direct lights
0...1...2...3...4...5...6...7...8...9...100...1...2...3...4...5...6...7...8...9...10transfers 384, max 40
transfer lists:   0.0 megs
0...1...2...3...4...5...6...7...8...9...10	Bounce #1 added RGB(0, 0, 0)
Build Patch/Sample Hash Table(s).....Done<0.0001 sec>
0...1...2...3...4...5...6...7...8...9...10FinalLightFace Done
0 of 0 (0% of) surface lights went in leaf ambient cubes.
0...1...2...3...4...5...6...7...8...9...10Writing leaf ambient...done
Ready to Finish

Object names       Objects/Maxobjs  Memory / Maxmem  Fullness 
------------       ---------------  ---------------  -------- 
models                   1/1024           48/49152    ( 0.1%) 
brushes                  6/8192           72/98304    ( 0.1%) 
brushsides              36/65536         288/524288   ( 0.1%) 
planes                  40/65536         800/1310720  ( 0.1%) 
vertexes                38/65536         456/786432   ( 0.1%) 
nodes                   27/65536         864/2097152  ( 0.0%) 
texinfos                 3/12288         216/884736   ( 0.0%) 
texdata                  3/2048           96/65536    ( 0.1%) 
dispinfos                0/0               0/0        ( 0.0%) 
disp_verts               0/0               0/0        ( 0.0%) 
disp_tris                0/0               0/0        ( 0.0%) 
disp_lmsamples           0/0               0/0        ( 0.0%) 
faces                   18/65536        1008/3670016  ( 0.0%) 
hdr faces                0/65536           0/3670016  ( 0.0%) 
origfaces                6/65536         336/3670016  ( 0.0%) 
leaves                  29/65536         928/2097152  ( 0.0%) 
leaffaces               18/65536          36/131072   ( 0.0%) 
leafbrushes             16/65536          32/131072   ( 0.0%) 
areas                    2/256            16/2048     ( 0.8%) 
surfedges               98/512000        392/2048000  ( 0.0%) 
edges                   62/256000        248/1024000  ( 0.0%) 
LDR worldlights          2/8192          176/720896   ( 0.0%) 
HDR worldlights          0/8192            0/720896   ( 0.0%) 
leafwaterdata            0/32768           0/393216   ( 0.0%) 
waterstrips              0/32768           0/327680   ( 0.0%) 
waterverts               0/65536           0/786432   ( 0.0%) 
waterindices             0/65536           0/131072   ( 0.0%) 
cubemapsamples           0/1024            0/16384    ( 0.0%) 
overlays                 0/512             0/180224   ( 0.0%) 
LDR lightdata         [variable]       17448/0        ( 0.0%) 
HDR lightdata         [variable]           0/0        ( 0.0%) 
visdata               [variable]          44/16777216 ( 0.0%) 
entdata               [variable]         716/393216   ( 0.2%) 
LDR ambient table       29/65536         116/262144   ( 0.0%) 
HDR ambient table       29/65536         116/262144   ( 0.0%) 
LDR leaf ambient        60/65536        1680/1835008  ( 0.1%) 
HDR leaf ambient        29/65536         812/1835008  ( 0.0%) 
occluders                0/0               0/0        ( 0.0%) 
occluder polygons        0/0               0/0        ( 0.0%) 
occluder vert ind        0/0               0/0        ( 0.0%) 
detail props          [variable]           1/12       ( 8.3%) 
static props          [variable]           1/216      ( 0.5%) 
pakfile               [variable]      105683/0        ( 0.0%) 
physics               [variable]        2313/4194304  ( 0.1%) 
physics terrain       [variable]           2/1048576  ( 0.0%) 

Level flags = 0

Total triangle count: 38
Writing d:\proyectos\nmrih_maps\practica\mapa_practica.bsp
0 seconds elapsed
